Info:2018/04/15 10:50:37 register.go:19: ServeHTTP reqeust = [%s] 
Info:2018/04/15 10:50:54 register.go:19: ServeHTTP reqeust = [%s] 
Info:2018/04/15 10:54:45 register.go:19: ServeHTTP reqeust =  
Info:2018/04/15 10:55:04 register.go:19: ServeHTTP reqeust =  
Info:2018/04/15 10:55:08 register.go:19: ServeHTTP reqeust =  
Info:2018/04/15 10:55:11 register.go:19: ServeHTTP reqeust =  
Info:2018/04/15 12:06:59 login.go:20: map[]
Info:2018/04/15 12:07:24 register.go:19: ServeHTTP reqeust =  
Info:2018/04/15 12:08:16 register.go:19: ServeHTTP reqeust =  
Info:2018/04/15 12:08:16 register.go:26: map[:已注册]
Info:2018/04/15 12:08:25 register.go:19: ServeHTTP reqeust =  
Info:2018/04/15 12:08:25 register.go:26: map[:已注册]
Info:2018/04/15 12:08:26 register.go:19: ServeHTTP reqeust =  
Info:2018/04/15 12:08:26 register.go:26: map[:已注册]
Info:2018/04/15 12:08:27 register.go:19: ServeHTTP reqeust =  
Info:2018/04/15 12:08:27 register.go:26: map[:已注册]
Info:2018/04/15 12:08:28 register.go:19: ServeHTTP reqeust =  
Info:2018/04/15 12:08:28 register.go:26: map[:已注册]
Info:2018/04/15 12:08:28 register.go:19: ServeHTTP reqeust =  
Info:2018/04/15 12:08:28 register.go:26: map[:已注册]
Info:2018/04/15 12:14:06 login.go:20: map[suzhanwei:success]
Info:2018/04/15 15:58:43 login.go:20: map[suzhanwei:success]
Info:2018/04/15 15:58:44 login.go:20: map[suzhanwei:success]
Info:2018/04/15 15:58:45 login.go:20: map[suzhanwei:success]
Info:2018/04/15 15:58:46 login.go:20: map[suzhanwei:success]
Info:2018/04/15 15:58:46 login.go:20: map[suzhanwei:success]
Info:2018/04/15 15:58:46 login.go:20: map[suzhanwei:success]
Info:2018/04/15 15:58:46 login.go:20: map[suzhanwei:success]
Info:2018/04/15 15:58:47 login.go:20: map[suzhanwei:success]
Info:2018/04/15 15:58:47 login.go:20: map[suzhanwei:success]
Info:2018/04/15 15:58:47 login.go:20: map[suzhanwei:success]
Info:2018/04/16 21:49:26 register.go:19: ServeHTTP reqeust =  
Info:2018/04/16 21:49:26 register.go:26: map[:已注册]
Info:2018/04/16 22:16:50 login.go:20: map[suzhanwei:success]
Info:2018/04/16 22:16:51 login.go:20: map[suzhanwei:success]
Info:2018/04/16 22:16:52 login.go:20: map[suzhanwei:success]
Info:2018/04/16 22:16:52 login.go:20: map[suzhanwei:success]
Info:2018/04/16 22:16:53 login.go:20: map[suzhanwei:success]
Info:2018/04/16 22:16:53 login.go:20: map[suzhanwei:success]
Info:2018/04/16 22:16:54 login.go:20: map[suzhanwei:success]
Info:2018/04/16 22:17:12 login.go:20: map[suzhanwei:success]
Info:2018/04/16 22:22:11 register.go:19: ServeHTTP reqeust =  
Info:2018/04/16 22:22:11 register.go:35: map[:已注册]
Info:2018/04/16 22:22:13 register.go:19: ServeHTTP reqeust =  
Info:2018/04/16 22:22:13 register.go:35: map[:已注册]
Info:2018/04/16 22:22:13 register.go:19: ServeHTTP reqeust =  
Info:2018/04/16 22:22:13 register.go:35: map[:已注册]
Info:2018/04/16 22:22:14 register.go:19: ServeHTTP reqeust =  
Info:2018/04/16 22:22:14 register.go:35: map[:已注册]
Info:2018/04/16 22:22:14 register.go:19: ServeHTTP reqeust =  
Info:2018/04/16 22:22:14 register.go:35: map[:已注册]
Info:2018/04/16 22:22:14 register.go:19: ServeHTTP reqeust =  
Info:2018/04/16 22:22:14 register.go:35: map[:已注册]
Info:2018/04/16 22:22:15 register.go:19: ServeHTTP reqeust =  
Info:2018/04/16 22:22:15 register.go:35: map[:已注册]
Info:2018/04/16 22:22:39 register.go:19: ServeHTTP reqeust =  
Info:2018/04/16 22:22:40 register.go:19: ServeHTTP reqeust =  
Info:2018/04/16 22:22:41 register.go:19: ServeHTTP reqeust =  
Info:2018/04/16 22:22:42 register.go:19: ServeHTTP reqeust =  
Info:2018/04/16 22:22:42 register.go:19: ServeHTTP reqeust =  
Info:2018/04/16 22:23:31 register.go:19: ServeHTTP reqeust =  
Info:2018/04/16 22:23:32 register.go:19: ServeHTTP reqeust =  
Info:2018/04/16 22:23:32 register.go:19: ServeHTTP reqeust =  
Info:2018/04/16 22:23:33 register.go:19: ServeHTTP reqeust =  
Info:2018/04/16 22:23:33 register.go:19: ServeHTTP reqeust =  
Info:2018/04/16 22:23:33 register.go:19: ServeHTTP reqeust =  
Info:2018/04/16 22:23:33 register.go:19: ServeHTTP reqeust =  
Info:2018/04/16 22:23:33 register.go:19: ServeHTTP reqeust =  
Info:2018/04/16 22:23:33 register.go:19: ServeHTTP reqeust =  
Info:2018/04/17 21:09:27 login.go:20: map[]
Info:2018/04/17 21:11:53 register.go:19: ServeHTTP reqeust =  
Info:2018/04/17 21:12:32 register.go:19: ServeHTTP reqeust =  {
	"name":"szw",
	"password":123456
}
Info:2018/04/17 21:12:32 register.go:36: map[szw:已注册]
Info:2018/04/17 21:13:16 register.go:19: ServeHTTP reqeust =  {
	"name":"szw",
	"password":123456
}
Info:2018/04/17 21:13:16 register.go:36: map[szw:已注册]
Info:2018/04/17 21:16:00 register.go:19: ServeHTTP reqeust =  {
	"name":"szw",
	"password":123456
}
Info:2018/04/17 21:16:00 register.go:36: map[szw:已注册]
Info:2018/04/17 21:17:16 register.go:19: ServeHTTP reqeust =  {
	"name":"鲁玉波",
	"password":123456
}
Info:2018/04/17 21:17:16 register.go:36: map[鲁玉波:已注册]
Info:2018/04/17 21:22:42 register.go:19: ServeHTTP reqeust =  {
	"name":"鲁玉波",
	"password":123456
}
Info:2018/04/17 21:22:42 register.go:36: map[]
Info:2018/04/17 21:23:08 register.go:19: ServeHTTP reqeust =  {
	"name":"鲁玉波",
	"password":123456
}
Info:2018/04/17 21:23:08 register.go:36: map[]
Info:2018/04/17 21:24:41 register.go:19: ServeHTTP reqeust =  {
	"name":"鲁玉波",
	"password":123456
}
Info:2018/04/17 21:24:41 register.go:36: map[鲁玉波:2880296171]
Info:2018/04/17 21:26:14 register.go:19: ServeHTTP reqeust =  {
	"name":"鲁玉波",
	"password":123456
}
Info:2018/04/17 21:26:15 register.go:36: map[鲁玉波:2880296171]
Info:2018/04/17 21:28:00 register.go:19: ServeHTTP reqeust =  {
	"name":"鲁鲁",
	"password":123456
}
Info:2018/04/17 21:28:00 register.go:36: map[鲁鲁:2880296171]
Info:2018/04/17 21:29:42 register.go:19: ServeHTTP reqeust =  {
	"name":"鲁鲁",
	"password":123456
}
Info:2018/04/17 21:29:42 register.go:36: map[鲁鲁:2880296171]
